#
# There is insufficient memory for the Java Runtime Environment to continue.
# Native memory allocation (mmap) failed to map 262144 bytes for committing reserved memory.
# Possible reasons:
#   The system is out of physical RAM or swap space
#   The process is running with CompressedOops enabled, and the Java Heap may be blocking the growth of the native heap
# Possible solutions:
#   Reduce memory load on the system
#   Increase physical memory or swap space
#   Check if swap backing store is full
#   Decrease Java heap size (-Xmx/-Xms)
#   Decrease number of Java threads
#   Decrease Java thread stack sizes (-Xss)
#   Set larger code cache with -XX:ReservedCodeCacheSize=
#   JVM is running with Unscaled Compressed Oops mode in which the Java heap is
#     placed in the first 4GB address space. The Java Heap base address is the
#     maximum limit for the native heap growth. Please use -XX:HeapBaseMinAddress
#     to set the Java Heap base and to place the Java Heap above 4GB virtual address.
# This output file may be truncated or incomplete.
#
#  Out of Memory Error (os_linux.cpp:2706), pid=1664, tid=1712
#
# JRE version: OpenJDK Runtime Environment (10.0.2+13) (build 10.0.2+13-Ubuntu-1ubuntu0.18.04.2)
# Java VM: OpenJDK 64-Bit Server VM (10.0.2+13-Ubuntu-1ubuntu0.18.04.2, mixed mode, tiered, compressed oops, serial gc, linux-amd64)
# Core dump will be written. Default location: Core dumps may be processed with "/usr/share/apport/apport %p %s %c %d %P" (or dumping to /home/user/Iteration-4-Final/Notebooks/core.1664)
#

---------------  S U M M A R Y ------------

Command Line: -Xmx1g org.apache.spark.deploy.SparkSubmit --conf spark.app.name=basics pyspark-shell

Host: Intel(R) Core(TM) i5-5257U CPU @ 2.70GHz, 1 cores, 985M, Ubuntu 18.04.1 LTS
Time: Thu Oct 11 19:24:14 2018 NZDT elapsed time: 20 seconds (0d 0h 0m 20s)

---------------  T H R E A D  ---------------

Current thread (0x00007ffafc008800):  JavaThread "Thread-1" [_thread_in_vm, id=1712, stack(0x00007ffb124ef000,0x00007ffb125f0000)]

Stack: [0x00007ffb124ef000,0x00007ffb125f0000],  sp=0x00007ffb125e9d90,  free space=1003k
Native frames: (J=compiled Java code, A=aot compiled Java code, j=interpreted, Vv=VM code, C=native code)
V  [libjvm.so+0xd27e04]
V  [libjvm.so+0xd289ab]
V  [libjvm.so+0x64d415]
V  [libjvm.so+0xb2d5d2]
V  [libjvm.so+0xb25caf]
V  [libjvm.so+0xd1fc17]
V  [libjvm.so+0xab0980]
V  [libjvm.so+0xab1f63]
V  [libjvm.so+0xab216b]
V  [libjvm.so+0xab21dc]
V  [libjvm.so+0x63a698]
V  [libjvm.so+0xabcff8]
V  [libjvm.so+0x5931ee]
V  [libjvm.so+0x593ad8]
V  [libjvm.so+0x594693]
V  [libjvm.so+0x594dc1]
V  [libjvm.so+0x9762d2]
V  [libjvm.so+0xc8c7e9]
V  [libjvm.so+0x889a4e]
V  [libjvm.so+0x889d0f]  JVM_DefineClassWithSource+0x7f
C  [libjava.so+0xe1b2]  Java_java_lang_ClassLoader_defineClass1+0x1c2
J 780  java.lang.ClassLoader.defineClass1(Ljava/lang/ClassLoader;Ljava/lang/String;[BIILjava/security/ProtectionDomain;Ljava/lang/String;)Ljava/lang/Class; java.base@10.0.2 (0 bytes) @ 0x00007ffb1b63aeed [0x00007ffb1b63adc0+0x000000000000012d]
J 568 c1 java.lang.ClassLoader.defineClass(Ljava/lang/String;[BIILjava/security/ProtectionDomain;)Ljava/lang/Class; java.base@10.0.2 (43 bytes) @ 0x00007ffb141bd0e4 [0x00007ffb141bcda0+0x0000000000000344]
J 428 c1 jdk.internal.loader.BuiltinClassLoader.defineClass(Ljava/lang/String;Ljdk/internal/loader/Resource;)Ljava/lang/Class; java.base@10.0.2 (121 bytes) @ 0x00007ffb14187d9c [0x00007ffb14186d40+0x000000000000105c]
J 389 c1 jdk.internal.loader.BuiltinClassLoader.findClassOnClassPathOrNull(Ljava/lang/String;)Ljava/lang/Class; java.base@10.0.2 (64 bytes) @ 0x00007ffb1416a99c [0x00007ffb1416a7c0+0x00000000000001dc]
J 1912 c2 jdk.internal.loader.BuiltinClassLoader.loadClassOrNull(Ljava/lang/String;Z)Ljava/lang/Class; java.base@10.0.2 (143 bytes) @ 0x00007ffb1b6b5adc [0x00007ffb1b6b5320+0x00000000000007bc]
J 386 c1 jdk.internal.loader.ClassLoaders$AppClassLoader.loadClass(Ljava/lang/String;Z)Ljava/lang/Class; java.base@10.0.2 (40 bytes) @ 0x00007ffb14169eac [0x00007ffb14169900+0x00000000000005ac]
J 385 c1 java.lang.ClassLoader.loadClass(Ljava/lang/String;)Ljava/lang/Class; java.base@10.0.2 (7 bytes) @ 0x00007ffb141694bc [0x00007ffb141693c0+0x00000000000000fc]
v  ~StubRoutines::call_stub
V  [libjvm.so+0x83d38f]
V  [libjvm.so+0x83bb2d]
V  [libjvm.so+0xc904ef]
V  [libjvm.so+0xc9103f]
V  [libjvm.so+0xc927d2]
V  [libjvm.so+0xcff21e]
V  [libjvm.so+0xcff618]
V  [libjvm.so+0xd11b74]
V  [libjvm.so+0xd090db]
V  [libjvm.so+0xd0b2cb]
V  [libjvm.so+0xd10b0a]
V  [libjvm.so+0xd1123f]
V  [libjvm.so+0x80a7eb]
V  [libjvm.so+0x80c810]
V  [libjvm.so+0x888306]
V  [libjvm.so+0x88a008]  JVM_FindClassFromCaller+0x148
C  [libjava.so+0xdec8]  Java_java_lang_Class_forName0+0x178
J 1869  java.lang.Class.forName0(Ljava/lang/String;ZLjava/lang/ClassLoader;Ljava/lang/Class;)Ljava/lang/Class; java.base@10.0.2 (0 bytes) @ 0x00007ffb1b6a22b7 [0x00007ffb1b6a21c0+0x00000000000000f7]
j  java.lang.Class.forName(Ljava/lang/String;ZLjava/lang/ClassLoader;)Ljava/lang/Class;+43 java.base@10.0.2
j  py4j.reflection.CurrentThreadClassLoadingStrategy.classForName(Ljava/lang/String;)Ljava/lang/Class;+6
j  py4j.reflection.ReflectionUtil.classForName(Ljava/lang/String;)Ljava/lang/Class;+4
j  py4j.reflection.TypeUtil.getClass(Ljava/lang/String;Lpy4j/JVMView;)Ljava/lang/Class;+101
j  py4j.reflection.TypeUtil.forName(Ljava/lang/String;Lpy4j/JVMView;)Ljava/lang/Class;+28
j  py4j.commands.ReflectionCommand.getUnknownMember(Ljava/io/BufferedReader;)Ljava/lang/String;+34
j  py4j.commands.ReflectionCommand.execute(Ljava/lang/String;Ljava/io/BufferedReader;Ljava/io/BufferedWriter;)V+22
j  py4j.GatewayConnection.run()V+89
j  java.lang.Thread.run()V+11 java.base@10.0.2
v  ~StubRoutines::call_stub
V  [libjvm.so+0x83d38f]
V  [libjvm.so+0x83b8fd]
V  [libjvm.so+0x87dd8c]
V  [libjvm.so+0xcc55d3]
V  [libjvm.so+0xb33ca0]
C  [libpthread.so.0+0x76db]  start_thread+0xdb

Java frames: (J=compiled Java code, j=interpreted, Vv=VM code)
J 780  java.lang.ClassLoader.defineClass1(Ljava/lang/ClassLoader;Ljava/lang/String;[BIILjava/security/ProtectionDomain;Ljava/lang/String;)Ljava/lang/Class; java.base@10.0.2 (0 bytes) @ 0x00007ffb1b63ae70 [0x00007ffb1b63adc0+0x00000000000000b0]
J 568 c1 java.lang.ClassLoader.defineClass(Ljava/lang/String;[BIILjava/security/ProtectionDomain;)Ljava/lang/Class; java.base@10.0.2 (43 bytes) @ 0x00007ffb141bd0e4 [0x00007ffb141bcda0+0x0000000000000344]
J 428 c1 jdk.internal.loader.BuiltinClassLoader.defineClass(Ljava/lang/String;Ljdk/internal/loader/Resource;)Ljava/lang/Class; java.base@10.0.2 (121 bytes) @ 0x00007ffb14187d9c [0x00007ffb14186d40+0x000000000000105c]
J 389 c1 jdk.internal.loader.BuiltinClassLoader.findClassOnClassPathOrNull(Ljava/lang/String;)Ljava/lang/Class; java.base@10.0.2 (64 bytes) @ 0x00007ffb1416a99c [0x00007ffb1416a7c0+0x00000000000001dc]
J 1912 c2 jdk.internal.loader.BuiltinClassLoader.loadClassOrNull(Ljava/lang/String;Z)Ljava/lang/Class; java.base@10.0.2 (143 bytes) @ 0x00007ffb1b6b5adc [0x00007ffb1b6b5320+0x00000000000007bc]
J 386 c1 jdk.internal.loader.ClassLoaders$AppClassLoader.loadClass(Ljava/lang/String;Z)Ljava/lang/Class; java.base@10.0.2 (40 bytes) @ 0x00007ffb14169eac [0x00007ffb14169900+0x00000000000005ac]
J 385 c1 java.lang.ClassLoader.loadClass(Ljava/lang/String;)Ljava/lang/Class; java.base@10.0.2 (7 bytes) @ 0x00007ffb141694bc [0x00007ffb141693c0+0x00000000000000fc]
v  ~StubRoutines::call_stub
J 1869  java.lang.Class.forName0(Ljava/lang/String;ZLjava/lang/ClassLoader;Ljava/lang/Class;)Ljava/lang/Class; java.base@10.0.2 (0 bytes) @ 0x00007ffb1b6a223a [0x00007ffb1b6a21c0+0x000000000000007a]
j  java.lang.Class.forName(Ljava/lang/String;ZLjava/lang/ClassLoader;)Ljava/lang/Class;+43 java.base@10.0.2
j  py4j.reflection.CurrentThreadClassLoadingStrategy.classForName(Ljava/lang/String;)Ljava/lang/Class;+6
j  py4j.reflection.ReflectionUtil.classForName(Ljava/lang/String;)Ljava/lang/Class;+4
j  py4j.reflection.TypeUtil.getClass(Ljava/lang/String;Lpy4j/JVMView;)Ljava/lang/Class;+101
j  py4j.reflection.TypeUtil.forName(Ljava/lang/String;Lpy4j/JVMView;)Ljava/lang/Class;+28
j  py4j.commands.ReflectionCommand.getUnknownMember(Ljava/io/BufferedReader;)Ljava/lang/String;+34
j  py4j.commands.ReflectionCommand.execute(Ljava/lang/String;Ljava/io/BufferedReader;Ljava/io/BufferedWriter;)V+22
j  py4j.GatewayConnection.run()V+89
j  java.lang.Thread.run()V+11 java.base@10.0.2
v  ~StubRoutines::call_stub

---------------  P R O C E S S  ---------------

Threads class SMR info:
_java_thread_list=0x00007ffb0888d5b0, length=42, elements={
0x00007ffb2c014800, 0x00007ffb2c08e000, 0x00007ffb2c090000, 0x00007ffb2c099000,
0x00007ffb2c0a3800, 0x00007ffb2c0a5800, 0x00007ffb2c0a7800, 0x00007ffb2c107800,
0x00007ffb2c10f800, 0x00007ffb2cb39000, 0x00007ffb2cb4b000, 0x00007ffafc008800,
0x00007ffb0815c800, 0x00007ffb08376800, 0x00007ffb08377800, 0x00007ffb0845c800,
0x00007ffb08479800, 0x00007ffb0847a800, 0x00007ffb0847c000, 0x00007ffb0847e000,
0x00007ffb0847f800, 0x00007ffb08481800, 0x00007ffb08483800, 0x00007ffb08485000,
0x00007ffb081fd000, 0x00007ffb086e1800, 0x00007ffb08674000, 0x00007ffb086e7800,
0x00007ffb086e5800, 0x00007ffb086e3800, 0x00007ffb086e9800, 0x00007ffb086da000,
0x00007ffb086eb800, 0x000055dcfa093000, 0x00007ffb08712000, 0x00007ffaf4375000,
0x00007ffb0874f800, 0x00007ffb0876c800, 0x00007ffb08773000, 0x00007ffb0888a000,
0x00007ffb0888b800, 0x00007ffb0888e000
}

Java Threads: ( => current thread )
  0x00007ffb2c014800 JavaThread "main" [_thread_in_native, id=1688, stack(0x00007ffb35751000,0x00007ffb35852000)]
  0x00007ffb2c08e000 JavaThread "Reference Handler" daemon [_thread_blocked, id=1690, stack(0x00007ffb30b9f000,0x00007ffb30ca0000)]
  0x00007ffb2c090000 JavaThread "Finalizer" daemon [_thread_blocked, id=1691, stack(0x00007ffb30a9e000,0x00007ffb30b9f000)]
  0x00007ffb2c099000 JavaThread "Signal Dispatcher" daemon [_thread_blocked, id=1693, stack(0x00007ffb13a25000,0x00007ffb13b26000)]
  0x00007ffb2c0a3800 JavaThread "C2 CompilerThread0" daemon [_thread_blocked, id=1694, stack(0x00007ffb13924000,0x00007ffb13a25000)]
  0x00007ffb2c0a5800 JavaThread "C1 CompilerThread1" daemon [_thread_blocked, id=1695, stack(0x00007ffb13823000,0x00007ffb13924000)]
  0x00007ffb2c0a7800 JavaThread "Sweeper thread" daemon [_thread_blocked, id=1697, stack(0x00007ffb13722000,0x00007ffb13823000)]
  0x00007ffb2c107800 JavaThread "Service Thread" daemon [_thread_blocked, id=1699, stack(0x00007ffb13621000,0x00007ffb13722000)]
  0x00007ffb2c10f800 JavaThread "Common-Cleaner" daemon [_thread_blocked, id=1701, stack(0x00007ffb1341e000,0x00007ffb1351f000)]
  0x00007ffb2cb39000 JavaThread "pool-1-thread-1" [_thread_blocked, id=1710, stack(0x00007ffb128f3000,0x00007ffb129f4000)]
  0x00007ffb2cb4b000 JavaThread "Thread-0" [_thread_in_native, id=1711, stack(0x00007ffb125f0000,0x00007ffb126f1000)]
=>0x00007ffafc008800 JavaThread "Thread-1" [_thread_in_vm, id=1712, stack(0x00007ffb124ef000,0x00007ffb125f0000)]
  0x00007ffb0815c800 JavaThread "process reaper" daemon [_thread_blocked, id=1714, stack(0x00007ffb3566f000,0x00007ffb35691000)]
  0x00007ffb08376800 JavaThread "dispatcher-event-loop-0" daemon [_thread_blocked, id=1716, stack(0x00007ffb11be3000,0x00007ffb11ce4000)]
  0x00007ffb08377800 JavaThread "dispatcher-event-loop-1" daemon [_thread_blocked, id=1717, stack(0x00007ffb10ebb000,0x00007ffb10fbc000)]
  0x00007ffb0845c800 JavaThread "rpc-server-3-1" daemon [_thread_blocked, id=1720, stack(0x00007ffb10bba000,0x00007ffb10cbb000)]
  0x00007ffb08479800 JavaThread "map-output-dispatcher-0" daemon [_thread_blocked, id=1721, stack(0x00007ffb10ab9000,0x00007ffb10bba000)]
  0x00007ffb0847a800 JavaThread "map-output-dispatcher-1" daemon [_thread_blocked, id=1722, stack(0x00007ffb109b8000,0x00007ffb10ab9000)]
  0x00007ffb0847c000 JavaThread "map-output-dispatcher-2" daemon [_thread_blocked, id=1723, stack(0x00007ffb108b7000,0x00007ffb109b8000)]
  0x00007ffb0847e000 JavaThread "map-output-dispatcher-3" daemon [_thread_blocked, id=1724, stack(0x00007ffb107b6000,0x00007ffb108b7000)]
  0x00007ffb0847f800 JavaThread "map-output-dispatcher-4" daemon [_thread_blocked, id=1725, stack(0x00007ffb106b5000,0x00007ffb107b6000)]
  0x00007ffb08481800 JavaThread "map-output-dispatcher-5" daemon [_thread_blocked, id=1726, stack(0x00007ffb105b4000,0x00007ffb106b5000)]
  0x00007ffb08483800 JavaThread "map-output-dispatcher-6" daemon [_thread_blocked, id=1727, stack(0x00007ffb104b3000,0x00007ffb105b4000)]
  0x00007ffb08485000 JavaThread "map-output-dispatcher-7" daemon [_thread_blocked, id=1728, stack(0x00007ffb103b2000,0x00007ffb104b3000)]
  0x00007ffb081fd000 JavaThread "refresh progress" daemon [_thread_blocked, id=1729, stack(0x00007ffb100b1000,0x00007ffb101b2000)]
  0x00007ffb086e1800 JavaThread "SparkUI-41" daemon [_thread_blocked, id=1745, stack(0x00007ffaf36f9000,0x00007ffaf37fa000)]
  0x00007ffb08674000 JavaThread "SparkUI-42-selector-ServerConnectorManager@74bf2dfb/0" daemon [_thread_in_native, id=1746, stack(0x00007ffaf37fa000,0x00007ffaf38fb000)]
  0x00007ffb086e7800 JavaThread "SparkUI-43-acceptor-0@3fce86ff-Spark@31096f76{HTTP/1.1}{0.0.0.0:4041}" daemon [_thread_in_native, id=1747, stack(0x00007ffaf38fb000,0x00007ffaf39fc000)]
  0x00007ffb086e5800 JavaThread "SparkUI-44" daemon [_thread_blocked, id=1748, stack(0x00007ffaf39fc000,0x00007ffaf3afd000)]
  0x00007ffb086e3800 JavaThread "SparkUI-45" daemon [_thread_blocked, id=1749, stack(0x00007ffaf3afd000,0x00007ffaf3bfe000)]
  0x00007ffb086e9800 JavaThread "SparkUI-46" daemon [_thread_blocked, id=1750, stack(0x00007ffaf3bfe000,0x00007ffaf3cff000)]
  0x00007ffb086da000 JavaThread "SparkUI-47" daemon [_thread_blocked, id=1751, stack(0x00007ffaf35f8000,0x00007ffaf36f9000)]
  0x00007ffb086eb800 JavaThread "SparkUI-48" daemon [_thread_blocked, id=1752, stack(0x00007ffaf3cff000,0x00007ffaf3e00000)]
  0x000055dcfa093000 JavaThread "heartbeat-receiver-event-loop-thread" daemon [_thread_blocked, id=1753, stack(0x00007ffaf34f7000,0x00007ffaf35f8000)]
  0x00007ffb08712000 JavaThread "Timer-0" daemon [_thread_blocked, id=1755, stack(0x00007ffaf33f6000,0x00007ffaf34f7000)]
  0x00007ffaf4375000 JavaThread "netty-rpc-env-timeout" daemon [_thread_blocked, id=1756, stack(0x00007ffaf3082000,0x00007ffaf3183000)]
  0x00007ffb0874f800 JavaThread "dag-scheduler-event-loop" daemon [_thread_blocked, id=1757, stack(0x00007ffaf32f5000,0x00007ffaf33f6000)]
  0x00007ffb0876c800 JavaThread "driver-heartbeater" daemon [_thread_blocked, id=1758, stack(0x00007ffaf31f4000,0x00007ffaf32f5000)]
  0x00007ffb08773000 JavaThread "shuffle-server-5-1" daemon [_thread_blocked, id=1759, stack(0x00007ffaf2859000,0x00007ffaf295a000)]
  0x00007ffb0888a000 JavaThread "Spark Context Cleaner" daemon [_thread_blocked, id=1760, stack(0x00007ffaf2d81000,0x00007ffaf2e82000)]
  0x00007ffb0888b800 JavaThread "context-cleaner-periodic-gc" daemon [_thread_blocked, id=1761, stack(0x00007ffaf2c80000,0x00007ffaf2d81000)]
  0x00007ffb0888e000 JavaThread "SparkListenerBus" daemon [_thread_blocked, id=1762, stack(0x00007ffaf2b7f000,0x00007ffaf2c80000)]

Other Threads:
  0x00007ffb2c084000 VMThread "VM Thread" [stack: 0x00007ffb30ca2000,0x00007ffb30da2000] [id=1689]
  0x00007ffb2c109800 WatcherThread [stack: 0x00007ffb13521000,0x00007ffb13621000] [id=1700]

Threads with active compile tasks:
C1 CompilerThread12215       3       scala.collection.mutable.ArrayOps$ofRef::length (11 bytes)

VM state:synchronizing (normal execution)

VM Mutex/Monitor currently owned by a thread:  ([mutex/lock_event])
[0x00007ffb2c010d60] Threads_lock - owner thread: 0x00007ffb2c084000

Heap address: 0x00000000c0000000, size: 1024 MB, Compressed Oops mode: 32-bit
Narrow klass base: 0x0000000000000000, Narrow klass shift: 3
Compressed class space size: 1073741824 Address: 0x0000000100000000

Heap:
 def new generation   total 16256K, used 3748K [0x00000000c0000000, 0x00000000c11a0000, 0x00000000d5550000)
  eden space 14464K,  25% used [0x00000000c0000000, 0x00000000c03a93e8, 0x00000000c0e20000)
  from space 1792K,   0% used [0x00000000c0e20000, 0x00000000c0e20000, 0x00000000c0fe0000)
  to   space 1792K,   0% used [0x00000000c0fe0000, 0x00000000c0fe0000, 0x00000000c11a0000)
 tenured generation   total 36032K, used 21617K [0x00000000d5550000, 0x00000000d7880000, 0x0000000100000000)
   the space 36032K,  59% used [0x00000000d5550000, 0x00000000d6a6c540, 0x00000000d6a6c600, 0x00000000d7880000)
 Metaspace       used 35389K, capacity 35776K, committed 36096K, reserved 1081344K
  class space    used 4335K, capacity 4528K, committed 4608K, reserved 1048576K

Card table byte_map: [0x00007ffb3176e000,0x00007ffb3196f000] byte_map_base: 0x00007ffb3116e000

Polling page: 0x00007ffb35864000

CodeHeap 'non-profiled nmethods': size=120036Kb used=921Kb max_used=921Kb free=119114Kb
 bounds [0x00007ffb1b5ed000, 0x00007ffb1b85d000, 0x00007ffb22b26000]
CodeHeap 'profiled nmethods': size=120032Kb used=3853Kb max_used=3853Kb free=116178Kb
 bounds [0x00007ffb140b5000, 0x00007ffb14485000, 0x00007ffb1b5ed000]
CodeHeap 'non-nmethods': size=5692Kb used=1157Kb max_used=1203Kb free=4534Kb
 bounds [0x00007ffb13b26000, 0x00007ffb13d96000, 0x00007ffb140b5000]
 total_blobs=3152 nmethods=2050 adapters=434
 compilation: enabled

Compilation events (10 events):
Event: 19.150 Thread 0x00007ffb2c0a5800 2210   !   3       java.nio.charset.CharsetDecoder::decode (287 bytes)
Event: 19.260 Thread 0x00007ffb2c0a5800 nmethod 2210 0x00007ffb14472990 code [0x00007ffb14472ce0, 0x00007ffb14474258]
Event: 19.281 Thread 0x00007ffb2c0a5800 2211       3       scala.collection.mutable.ArrayOps$class::$init$ (1 bytes)
Event: 19.294 Thread 0x00007ffb2c0a5800 nmethod 2211 0x00007ffb14474990 code [0x00007ffb14474b40, 0x00007ffb14474c70]
Event: 19.299 Thread 0x00007ffb2c0a5800 2212       3       sun.nio.cs.UTF_8$Decoder::decodeLoop (28 bytes)
Event: 19.318 Thread 0x00007ffb2c0a5800 nmethod 2212 0x00007ffb14474d10 code [0x00007ffb14474f00, 0x00007ffb14475338]
Event: 19.526 Thread 0x00007ffb2c0a5800 2213       3       java.lang.String::replace (149 bytes)
Event: 19.531 Thread 0x00007ffb2c0a5800 nmethod 2213 0x00007ffb14475490 code [0x00007ffb144757e0, 0x00007ffb14476a48]
Event: 19.587 Thread 0x00007ffb2c0a5800 2214   !   3       java.lang.StringCoding::decode (300 bytes)
Event: 19.592 Thread 0x00007ffb2c0a5800 nmethod 2214 0x00007ffb14477310 code [0x00007ffb14477780, 0x00007ffb144798b8]

GC Heap History (10 events):
Event: 9.786 GC heap before
{Heap before GC invocations=13 (full 2):
 def new generation   total 13824K, used 13279K [0x00000000c0000000, 0x00000000c0f00000, 0x00000000d5550000)
  eden space 12288K, 100% used [0x00000000c0000000, 0x00000000c0c00000, 0x00000000c0c00000)
  from space 1536K,  64% used [0x00000000c0d80000, 0x00000000c0e77ca0, 0x00000000c0f00000)
  to   space 1536K,   0% used [0x00000000c0c00000, 0x00000000c0c00000, 0x00000000c0d80000)
 tenured generation   total 30648K, used 18387K [0x00000000d5550000, 0x00000000d733e000, 0x0000000100000000)
   the space 30648K,  59% used [0x00000000d5550000, 0x00000000d6744d20, 0x00000000d6744e00, 0x00000000d733e000)
 Metaspace       used 26190K, capacity 26575K, committed 27008K, reserved 1073152K
  class space    used 3167K, capacity 3366K, committed 3456K, reserved 1048576K
}
Event: 9.791 GC heap after
{Heap after GC invocations=14 (full 2):
 def new generation   total 13824K, used 367K [0x00000000c0000000, 0x00000000c0f00000, 0x00000000d5550000)
  eden space 12288K,   0% used [0x00000000c0000000, 0x00000000c0000000, 0x00000000c0c00000)
  from space 1536K,  23% used [0x00000000c0c00000, 0x00000000c0c5bc00, 0x00000000c0d80000)
  to   space 1536K,   0% used [0x00000000c0d80000, 0x00000000c0d80000, 0x00000000c0f00000)
 tenured generation   total 30648K, used 19373K [0x00000000d5550000, 0x00000000d733e000, 0x0000000100000000)
   the space 30648K,  63% used [0x00000000d5550000, 0x00000000d683b5c8, 0x00000000d683b600, 0x00000000d733e000)
 Metaspace       used 26190K, capacity 26575K, committed 27008K, reserved 1073152K
  class space    used 3167K, capacity 3366K, committed 3456K, reserved 1048576K
}
Event: 11.000 GC heap before
{Heap before GC invocations=14 (full 2):
 def new generation   total 13824K, used 12655K [0x00000000c0000000, 0x00000000c0f00000, 0x00000000d5550000)
  eden space 12288K, 100% used [0x00000000c0000000, 0x00000000c0c00000, 0x00000000c0c00000)
  from space 1536K,  23% used [0x00000000c0c00000, 0x00000000c0c5bc00, 0x00000000c0d80000)
  to   space 1536K,   0% used [0x00000000c0d80000, 0x00000000c0d80000, 0x00000000c0f00000)
 tenured generation   total 30648K, used 19373K [0x00000000d5550000, 0x00000000d733e000, 0x0000000100000000)
   the space 30648K,  63% used [0x00000000d5550000, 0x00000000d683b5c8, 0x00000000d683b600, 0x00000000d733e000)
 Metaspace       used 29109K, capacity 29474K, committed 29952K, reserved 1075200K
  class space    used 3573K, capacity 3753K, committed 3840K, reserved 1048576K
}
Event: 11.007 GC heap after
{Heap after GC invocations=15 (full 2):
 def new generation   total 13824K, used 834K [0x00000000c0000000, 0x00000000c0f00000, 0x00000000d5550000)
  eden space 12288K,   0% used [0x00000000c0000000, 0x00000000c0000000, 0x00000000c0c00000)
  from space 1536K,  54% used [0x00000000c0d80000, 0x00000000c0e50ac8, 0x00000000c0f00000)
  to   space 1536K,   0% used [0x00000000c0c00000, 0x00000000c0c00000, 0x00000000c0d80000)
 tenured generation   total 30648K, used 19373K [0x00000000d5550000, 0x00000000d733e000, 0x0000000100000000)
   the space 30648K,  63% used [0x00000000d5550000, 0x00000000d683b5c8, 0x00000000d683b600, 0x00000000d733e000)
 Metaspace       used 29109K, capacity 29474K, committed 29952K, reserved 1075200K
  class space    used 3573K, capacity 3753K, committed 3840K, reserved 1048576K
}
Event: 12.403 GC heap before
{Heap before GC invocations=15 (full 2):
 def new generation   total 13824K, used 13122K [0x00000000c0000000, 0x00000000c0f00000, 0x00000000d5550000)
  eden space 12288K, 100% used [0x00000000c0000000, 0x00000000c0c00000, 0x00000000c0c00000)
  from space 1536K,  54% used [0x00000000c0d80000, 0x00000000c0e50ac8, 0x00000000c0f00000)
  to   space 1536K,   0% used [0x00000000c0c00000, 0x00000000c0c00000, 0x00000000c0d80000)
 tenured generation   total 30648K, used 19373K [0x00000000d5550000, 0x00000000d733e000, 0x0000000100000000)
   the space 30648K,  63% used [0x00000000d5550000, 0x00000000d683b5c8, 0x00000000d683b600, 0x00000000d733e000)
 Metaspace       used 31138K, capacity 31516K, committed 32000K, reserved 1077248K
  class space    used 3808K, capacity 3983K, committed 4096K, reserved 1048576K
}
Event: 12.424 GC heap after
{Heap after GC invocations=16 (full 2):
 def new generation   total 13824K, used 1433K [0x00000000c0000000, 0x00000000c0f00000, 0x00000000d5550000)
  eden space 12288K,   0% used [0x00000000c0000000, 0x00000000c0000000, 0x00000000c0c00000)
  from space 1536K,  93% used [0x00000000c0c00000, 0x00000000c0d666d8, 0x00000000c0d80000)
  to   space 1536K,   0% used [0x00000000c0d80000, 0x00000000c0d80000, 0x00000000c0f00000)
 tenured generation   total 30648K, used 19736K [0x00000000d5550000, 0x00000000d733e000, 0x0000000100000000)
   the space 30648K,  64% used [0x00000000d5550000, 0x00000000d68962c0, 0x00000000d6896400, 0x00000000d733e000)
 Metaspace       used 31138K, capacity 31516K, committed 32000K, reserved 1077248K
  class space    used 3808K, capacity 3983K, committed 4096K, reserved 1048576K
}
Event: 13.955 GC heap before
{Heap before GC invocations=16 (full 2):
 def new generation   total 13824K, used 13721K [0x00000000c0000000, 0x00000000c0f00000, 0x00000000d5550000)
  eden space 12288K, 100% used [0x00000000c0000000, 0x00000000c0c00000, 0x00000000c0c00000)
  from space 1536K,  93% used [0x00000000c0c00000, 0x00000000c0d666d8, 0x00000000c0d80000)
  to   space 1536K,   0% used [0x00000000c0d80000, 0x00000000c0d80000, 0x00000000c0f00000)
 tenured generation   total 30648K, used 19736K [0x00000000d5550000, 0x00000000d733e000, 0x0000000100000000)
   the space 30648K,  64% used [0x00000000d5550000, 0x00000000d68962c0, 0x00000000d6896400, 0x00000000d733e000)
 Metaspace       used 33987K, capacity 34365K, committed 34816K, reserved 1079296K
  class space    used 4150K, capacity 4335K, committed 4352K, reserved 1048576K
}
Event: 14.002 GC heap after
{Heap after GC invocations=17 (full 2):
 def new generation   total 13824K, used 394K [0x00000000c0000000, 0x00000000c0f00000, 0x00000000d5550000)
  eden space 12288K,   0% used [0x00000000c0000000, 0x00000000c0000000, 0x00000000c0c00000)
  from space 1536K,  25% used [0x00000000c0d80000, 0x00000000c0de28d8, 0x00000000c0f00000)
  to   space 1536K,   0% used [0x00000000c0c00000, 0x00000000c0c00000, 0x00000000c0d80000)
 tenured generation   total 30648K, used 21163K [0x00000000d5550000, 0x00000000d733e000, 0x0000000100000000)
   the space 30648K,  69% used [0x00000000d5550000, 0x00000000d69fad58, 0x00000000d69fae00, 0x00000000d733e000)
 Metaspace       used 33987K, capacity 34365K, committed 34816K, reserved 1079296K
  class space    used 4150K, capacity 4335K, committed 4352K, reserved 1048576K
}
Event: 14.370 GC heap before
{Heap before GC invocations=17 (full 2):
 def new generation   total 13824K, used 6056K [0x00000000c0000000, 0x00000000c0f00000, 0x00000000d5550000)
  eden space 12288K,  46% used [0x00000000c0000000, 0x00000000c0587a88, 0x00000000c0c00000)
  from space 1536K,  25% used [0x00000000c0d80000, 0x00000000c0de28d8, 0x00000000c0f00000)
  to   space 1536K,   0% used [0x00000000c0c00000, 0x00000000c0c00000, 0x00000000c0d80000)
 tenured generation   total 30648K, used 21163K [0x00000000d5550000, 0x00000000d733e000, 0x0000000100000000)
   the space 30648K,  69% used [0x00000000d5550000, 0x00000000d69fad58, 0x00000000d69fae00, 0x00000000d733e000)
 Metaspace       used 34848K, capacity 35197K, committed 35456K, reserved 1081344K
  class space    used 4260K, capacity 4463K, committed 4480K, reserved 1048576K
}
Event: 14.465 GC heap after
{Heap after GC invocations=18 (full 3):
 def new generation   total 16256K, used 0K [0x00000000c0000000, 0x00000000c11a0000, 0x00000000d5550000)
  eden space 14464K,   0% used [0x00000000c0000000, 0x00000000c0000000, 0x00000000c0e20000)
  from space 1792K,   0% used [0x00000000c0e20000, 0x00000000c0e20000, 0x00000000c0fe0000)
  to   space 1792K,   0% used [0x00000000c0fe0000, 0x00000000c0fe0000, 0x00000000c11a0000)
 tenured generation   total 36032K, used 21617K [0x00000000d5550000, 0x00000000d7880000, 0x0000000100000000)
   the space 36032K,  59% used [0x00000000d5550000, 0x00000000d6a6c540, 0x00000000d6a6c600, 0x00000000d7880000)
 Metaspace       used 34848K, capacity 35197K, committed 35456K, reserved 1081344K
  class space    used 4260K, capacity 4463K, committed 4480K, reserved 1048576K
}

Deoptimization events (10 events):
Event: 5.391 Thread 0x00007ffafc008800 Uncommon trap: reason=class_check action=maybe_recompile pc=0x00007ffb1b659ee0 method=java.util.HashMap.putVal(ILjava/lang/Object;Ljava/lang/Object;ZZ)Ljava/lang/Object; @ 253 c2
Event: 5.392 Thread 0x00007ffafc008800 Uncommon trap: reason=unstable_if action=reinterpret pc=0x00007ffb1b645c10 method=java.util.HashMap.getNode(ILjava/lang/Object;)Ljava/util/HashMap$Node; @ 129 c2
Event: 5.439 Thread 0x00007ffafc008800 Uncommon trap: reason=class_check action=maybe_recompile pc=0x00007ffb1b659ee0 method=java.util.HashMap.putVal(ILjava/lang/Object;Ljava/lang/Object;ZZ)Ljava/lang/Object; @ 253 c2
Event: 5.439 Thread 0x00007ffafc008800 Uncommon trap: reason=class_check action=maybe_recompile pc=0x00007ffb1b659ee0 method=java.util.HashMap.putVal(ILjava/lang/Object;Ljava/lang/Object;ZZ)Ljava/lang/Object; @ 253 c2
Event: 6.483 Thread 0x00007ffafc008800 Uncommon trap: reason=unstable_if action=reinterpret pc=0x00007ffb1b64d048 method=java.util.concurrent.ConcurrentHashMap.putVal(Ljava/lang/Object;Ljava/lang/Object;Z)Ljava/lang/Object; @ 148 c2
Event: 7.049 Thread 0x00007ffafc008800 Uncommon trap: reason=unstable_if action=reinterpret pc=0x00007ffb1b65e554 method=jdk.internal.org.objectweb.asm.Item.isEqualTo(Ljdk/internal/org/objectweb/asm/Item;)Z @ 331 c2
Event: 11.507 Thread 0x00007ffafc008800 Uncommon trap: reason=unstable_if action=reinterpret pc=0x00007ffb1b65f624 method=java.lang.ClassLoader.checkName(Ljava/lang/String;)Z @ 20 c2
Event: 11.843 Thread 0x00007ffafc008800 Uncommon trap: reason=unstable_if action=reinterpret pc=0x00007ffb1b690708 method=sun.net.www.protocol.jar.Handler.parseURL(Ljava/net/URL;Ljava/lang/String;II)V @ 94 c2
Event: 13.228 Thread 0x00007ffb08376800 Uncommon trap: reason=class_check action=maybe_recompile pc=0x00007ffb1b69c860 method=java.util.concurrent.ConcurrentHashMap.putVal(Ljava/lang/Object;Ljava/lang/Object;Z)Ljava/lang/Object; @ 159 c2
Event: 13.534 Thread 0x00007ffafc008800 Uncommon trap: reason=class_check action=maybe_recompile pc=0x00007ffb1b6942c4 method=java.util.HashMap.putVal(ILjava/lang/Object;Ljava/lang/Object;ZZ)Ljava/lang/Object; @ 203 c2

Classes redefined (0 events):
No events

Internal exceptions (10 events):
Event: 7.112 Thread 0x00007ffafc008800 Exception <a 'java/lang/NoSuchMethodError'{0x00000000c0204e88}: java.lang.invoke.DirectMethodHandle$Holder.invokeStatic(Ljava/lang/Object;Ljava/lang/Object;Ljava/lang/Object;Ljava/lang/Object;Ljava/lang/Object;Ljava/lang/Object;Ljava/lang/Object;Ljava/lan
Event: 7.124 Thread 0x00007ffafc008800 Exception <a 'java/lang/NoSuchMethodError'{0x00000000c02254a8}: method resolution failed> (0x00000000c02254a8) thrown at [/build/openjdk-lts-xioZJb/openjdk-lts-10.0.2+13/src/hotspot/share/prims/methodHandles.cpp, line 1226]
Event: 7.133 Thread 0x00007ffafc008800 Exception <a 'java/lang/NoSuchMethodError'{0x00000000c0247268}: method resolution failed> (0x00000000c0247268) thrown at [/build/openjdk-lts-xioZJb/openjdk-lts-10.0.2+13/src/hotspot/share/prims/methodHandles.cpp, line 1226]
Event: 7.155 Thread 0x00007ffafc008800 Exception <a 'java/lang/reflect/InvocationTargetException'{0x00000000c025ea08}> (0x00000000c025ea08) thrown at [/build/openjdk-lts-xioZJb/openjdk-lts-10.0.2+13/src/hotspot/share/runtime/reflection.cpp, line 1222]
Event: 8.063 Thread 0x00007ffafc008800 Exception <a 'java/lang/ClassNotFoundException'{0x00000000c07c4790}: sun/security/util/spi/AuthResourcesProvider> (0x00000000c07c4790) thrown at [/build/openjdk-lts-xioZJb/openjdk-lts-10.0.2+13/src/hotspot/share/classfile/systemDictionary.cpp, line 233]
Event: 8.124 Thread 0x00007ffafc008800 Exception <a 'java/lang/NoSuchMethodError'{0x00000000c0842040}: java.lang.invoke.DirectMethodHandle$Holder.invokeSpecial(Ljava/lang/Object;Ljava/lang/Object;IILjava/lang/Object;III)Ljava/lang/Object;> (0x00000000c0842040) thrown at [/build/openjdk-lts-xio
Event: 8.125 Thread 0x00007ffafc008800 Exception <a 'java/lang/NoSuchMethodError'{0x00000000c0845580}: java.lang.invoke.DelegatingMethodHandle$Holder.reinvoke_L(Ljava/lang/Object;IILjava/lang/Object;III)Ljava/lang/Object;> (0x00000000c0845580) thrown at [/build/openjdk-lts-xioZJb/openjdk-lts-1
Event: 8.126 Thread 0x00007ffafc008800 Exception <a 'java/lang/NoSuchMethodError'{0x00000000c086f260}: java.lang.invoke.DirectMethodHandle$Holder.invokeSpecial(Ljava/lang/Object;Ljava/lang/Object;Ljava/lang/Object;III)Ljava/lang/Object;> (0x00000000c086f260) thrown at [/build/openjdk-lts-xioZJ
Event: 8.994 Thread 0x00007ffafc008800 Exception <a 'java/lang/ClassCastException'{0x00000000c041c0e8}: java.base/jdk.internal.ref.Cleaner cannot be cast to java.base/java.lang.Runnable> (0x00000000c041c0e8) thrown at [/build/openjdk-lts-xioZJb/openjdk-lts-10.0.2+13/src/hotspot/share/interpret
Event: 11.881 Thread 0x00007ffafc008800 Exception <a 'java/net/BindException'{0x00000000c0891168}> (0x00000000c0891168) thrown at [/build/openjdk-lts-xioZJb/openjdk-lts-10.0.2+13/src/hotspot/share/prims/jni.cpp, line 611]

Events (10 events):
Event: 19.541 loading class org/apache/spark/api/python/SparkSession
Event: 19.541 loading class org/apache/spark/api/python/SparkSession done
Event: 19.541 loading class org/apache/spark/ml/python/SparkSession
Event: 19.541 loading class org/apache/spark/ml/python/SparkSession done
Event: 19.541 loading class org/apache/spark/mllib/api/python/SparkSession
Event: 19.541 loading class org/apache/spark/mllib/api/python/SparkSession done
Event: 19.542 loading class org/apache/spark/sql/SparkSession
Event: 19.542 loading class org/apache/spark/sql/SparkSession done
Event: 19.619 loading class org/apache/spark/sql/catalyst/plans/logical/LogicalPlan
Event: 19.619 loading class org/apache/spark/sql/catalyst/plans/logical/LogicalPlan done


Dynamic libraries:
c0000000-c11a0000 rw-p 00000000 00:00 0 
c11a0000-d5550000 ---p 00000000 00:00 0 
d5550000-d7880000 rw-p 00000000 00:00 0 
d7880000-100000000 ---p 00000000 00:00 0 
100000000-100480000 rw-p 00000000 00:00 0 
100480000-140000000 ---p 00000000 00:00 0 
55dcf86c9000-55dcf86ca000 r-xp 00000000 08:01 544846                     /usr/lib/jvm/java-11-openjdk-amd64/bin/java
55dcf88ca000-55dcf88cb000 r--p 00001000 08:01 544846                     /usr/lib/jvm/java-11-openjdk-amd64/bin/java
55dcf88cb000-55dcf88cc000 rw-p 00002000 08:01 544846                     /usr/lib/jvm/java-11-openjdk-amd64/bin/java
55dcfa07b000-55dcfa0bd000 rw-p 00000000 00:00 0                          [heap]
7ffaf2859000-7ffaf285d000 ---p 00000000 00:00 0 
7ffaf285d000-7ffaf2b5a000 rw-p 00000000 00:00 0 
7ffaf2b7f000-7ffaf2b83000 ---p 00000000 00:00 0 
7ffaf2b83000-7ffaf2c80000 rw-p 00000000 00:00 0 
7ffaf2c80000-7ffaf2c84000 ---p 00000000 00:00 0 
7ffaf2c84000-7ffaf2d81000 rw-p 00000000 00:00 0 
7ffaf2d81000-7ffaf2d85000 ---p 00000000 00:00 0 
7ffaf2d85000-7ffaf2f42000 rw-p 00000000 00:00 0 
7ffaf2f82000-7ffaf3082000 ---p 00000000 00:00 0 
7ffaf3082000-7ffaf3086000 ---p 00000000 00:00 0 
7ffaf3086000-7ffaf3183000 rw-p 00000000 00:00 0 
7ffaf31f4000-7ffaf31f8000 ---p 00000000 00:00 0 
7ffaf31f8000-7ffaf32f5000 rw-p 00000000 00:00 0 
7ffaf32f5000-7ffaf32f9000 ---p 00000000 00:00 0 
7ffaf32f9000-7ffaf33f6000 rw-p 00000000 00:00 0 
7ffaf33f6000-7ffaf33fa000 ---p 00000000 00:00 0 
7ffaf33fa000-7ffaf34f7000 rw-p 00000000 00:00 0 
7ffaf34f7000-7ffaf34fb000 ---p 00000000 00:00 0 
7ffaf34fb000-7ffaf35f8000 rw-p 00000000 00:00 0 
7ffaf35f8000-7ffaf35fc000 ---p 00000000 00:00 0 
7ffaf35fc000-7ffaf36f9000 rw-p 00000000 00:00 0 
7ffaf36f9000-7ffaf36fd000 ---p 00000000 00:00 0 
7ffaf36fd000-7ffaf37fa000 rw-p 00000000 00:00 0 
7ffaf37fa000-7ffaf37fe000 ---p 00000000 00:00 0 
7ffaf37fe000-7ffaf38fb000 rw-p 00000000 00:00 0 
7ffaf38fb000-7ffaf38ff000 ---p 00000000 00:00 0 
7ffaf38ff000-7ffaf39fc000 rw-p 00000000 00:00 0 
7ffaf39fc000-7ffaf3a00000 ---p 00000000 00:00 0 
7ffaf3a00000-7ffaf3afd000 rw-p 00000000 00:00 0 
7ffaf3afd000-7ffaf3b01000 ---p 00000000 00:00 0 
7ffaf3b01000-7ffaf3bfe000 rw-p 00000000 00:00 0 
7ffaf3bfe000-7ffaf3c02000 ---p 00000000 00:00 0 
7ffaf3c02000-7ffaf3cff000 rw-p 00000000 00:00 0 
7ffaf3cff000-7ffaf3d03000 ---p 00000000 00:00 0 
7ffaf3d03000-7ffaf4000000 rw-p 00000000 00:00 0 
7ffaf4000000-7ffaf468d000 rw-p 00000000 00:00 0 
7ffaf468d000-7ffaf8000000 ---p 00000000 00:00 0 
7ffaf8000000-7ffaf8060000 rw-p 00000000 00:00 0 
7ffaf8060000-7ffafc000000 ---p 00000000 00:00 0 
7ffafc000000-7ffafc021000 rw-p 00000000 00:00 0 
7ffafc021000-7ffb00000000 ---p 00000000 00:00 0 
7ffb00000000-7ffb02677000 rw-p 00000000 00:00 0 
7ffb02677000-7ffb04000000 ---p 00000000 00:00 0 
7ffb04000000-7ffb04021000 rw-p 00000000 00:00 0 
7ffb04021000-7ffb08000000 ---p 00000000 00:00 0 
7ffb08000000-7ffb08898000 rw-p 00000000 00:00 0 
7ffb08898000-7ffb0c000000 ---p 00000000 00:00 0 
7ffb0c000000-7ffb0c1a3000 rw-p 00000000 00:00 0 
7ffb0c1a3000-7ffb10000000 ---p 00000000 00:00 0 
7ffb100b1000-7ffb100b5000 ---p 00000000 00:00 0 
7ffb100b5000-7ffb103b2000 rw-p 00000000 00:00 0 
7ffb103b2000-7ffb103b6000 ---p 00000000 00:00 0 
7ffb103b6000-7ffb104b3000 rw-p 00000000 00:00 0 
7ffb104b3000-7ffb104b7000 ---p 00000000 00:00 0 
7ffb104b7000-7ffb105b4000 rw-p 00000000 00:00 0 
7ffb105b4000-7ffb105b8000 ---p 00000000 00:00 0 
7ffb105b8000-7ffb106b5000 rw-p 00000000 00:00 0 
7ffb106b5000-7ffb106b9000 ---p 00000000 00:00 0 
7ffb106b9000-7ffb107b6000 rw-p 00000000 00:00 0 
7ffb107b6000-7ffb107ba000 ---p 00000000 00:00 0 
7ffb107ba000-7ffb108b7000 rw-p 00000000 00:00 0 
7ffb108b7000-7ffb108bb000 ---p 00000000 00:00 0 
7ffb108bb000-7ffb109b8000 rw-p 00000000 00:00 0 
7ffb109b8000-7ffb109bc000 ---p 00000000 00:00 0 
7ffb109bc000-7ffb10ab9000 rw-p 00000000 00:00 0 
7ffb10ab9000-7ffb10abd000 ---p 00000000 00:00 0 
7ffb10abd000-7ffb10bba000 rw-p 00000000 00:00 0 
7ffb10bba000-7ffb10bbe000 ---p 00000000 00:00 0 
7ffb10bbe000-7ffb10ebb000 rw-p 00000000 00:00 0 
7ffb10ebb000-7ffb10ebf000 ---p 00000000 00:00 0 
7ffb10ebf000-7ffb111bc000 rw-p 00000000 00:00 0 
7ffb111bc000-7ffb111d3000 r-xp 00000000 08:01 269272                     /lib/x86_64-linux-gnu/libresolv-2.27.so
7ffb111d3000-7ffb113d3000 ---p 00017000 08:01 269272                     /lib/x86_64-linux-gnu/libresolv-2.27.so
7ffb113d3000-7ffb113d4000 r--p 00017000 08:01 269272                     /lib/x86_64-linux-gnu/libresolv-2.27.so
7ffb113d4000-7ffb113d5000 rw-p 00018000 08:01 269272                     /lib/x86_64-linux-gnu/libresolv-2.27.so
7ffb113d5000-7ffb113d7000 rw-p 00000000 00:00 0 
7ffb113d7000-7ffb113dc000 r-xp 00000000 08:01 269221                     /lib/x86_64-linux-gnu/libnss_dns-2.27.so
7ffb113dc000-7ffb115dc000 ---p 00005000 08:01 269221                     /lib/x86_64-linux-gnu/libnss_dns-2.27.so
7ffb115dc000-7ffb115dd000 r--p 00005000 08:01 269221                     /lib/x86_64-linux-gnu/libnss_dns-2.27.so
7ffb115dd000-7ffb115de000 rw-p 00006000 08:01 269221                     /lib/x86_64-linux-gnu/libnss_dns-2.27.so
7ffb115de000-7ffb115e0000 r-xp 00000000 08:01 269229                     /lib/x86_64-linux-gnu/libnss_mdns4_minimal.so.2
7ffb115e0000-7ffb117df000 ---p 00002000 08:01 269229                     /lib/x86_64-linux-gnu/libnss_mdns4_minimal.so.2
7ffb117df000-7ffb117e0000 r--p 00001000 08:01 269229                     /lib/x86_64-linux-gnu/libnss_mdns4_minimal.so.2
7ffb117e0000-7ffb117e1000 rw-p 00002000 08:01 269229                     /lib/x86_64-linux-gnu/libnss_mdns4_minimal.so.2
7ffb117e1000-7ffb117e2000 r-xp 00000000 08:01 544918                     /usr/lib/jvm/java-11-openjdk-amd64/lib/libjaas_unix.so
7ffb117e2000-7ffb119e1000 ---p 00001000 08:01 544918                     /usr/lib/jvm/java-11-openjdk-amd64/lib/libjaas_unix.so
7ffb119e1000-7ffb119e2000 r--p 00000000 08:01 544918                     /usr/lib/jvm/java-11-openjdk-amd64/lib/libjaas_unix.so
7ffb119e2000-7ffb119e3000 rw-p 00001000 08:01 544918                     /usr/lib/jvm/java-11-openjdk-amd64/lib/libjaas_unix.so
7ffb119e3000-7ffb11be3000 rw-p 00000000 00:00 0 
7ffb11be3000-7ffb11be7000 ---p 00000000 00:00 0 
7ffb11be7000-7ffb11ee4000 rw-p 00000000 00:00 0 
7ffb11ee4000-7ffb11ee9000 r-xp 00000000 08:01 544929                     /usr/lib/jvm/java-11-openjdk-amd64/lib/libmanagement_ext.so
7ffb11ee9000-7ffb120e8000 ---p 00005000 08:01 544929                     /usr/lib/jvm/java-11-openjdk-amd64/lib/libmanagement_ext.so
7ffb120e8000-7ffb120e9000 r--p 00004000 08:01 544929                     /usr/lib/jvm/java-11-openjdk-amd64/lib/libmanagement_ext.so
7ffb120e9000-7ffb120ea000 rw-p 00005000 08:01 544929                     /usr/lib/jvm/java-11-openjdk-amd64/lib/libmanagement_ext.so
7ffb120ea000-7ffb120ee000 r-xp 00000000 08:01 544927                     /usr/lib/jvm/java-11-openjdk-amd64/lib/libmanagement.so
7ffb120ee000-7ffb122ed000 ---p 00004000 08:01 544927                     /usr/lib/jvm/java-11-openjdk-amd64/lib/libmanagement.so
7ffb122ed000-7ffb122ee000 r--p 00003000 08:01 544927                     /usr/lib/jvm/java-11-openjdk-amd64/lib/libmanagement.so
7ffb122ee000-7ffb122ef000 rw-p 00004000 08:01 544927                     /usr/lib/jvm/java-11-openjdk-amd64/lib/libmanagement.so
7ffb122ef000-7ffb124ef000 rw-p 00000000 00:00 0 
7ffb124ef000-7ffb124f3000 ---p 00000000 00:00 0 
7ffb124f3000-7ffb125f0000 rw-p 00000000 00:00 0 
7ffb125f0000-7ffb125f4000 ---p 00000000 00:00 0 
7ffb125f4000-7ffb126f1000 rw-p 00000000 00:00 0 
7ffb126f1000-7ffb126f2000 r-xp 00000000 08:01 544912                     /usr/lib/jvm/java-11-openjdk-amd64/lib/libextnet.so
7ffb126f2000-7ffb128f1000 ---p 00001000 08:01 544912                     /usr/lib/jvm/java-11-openjdk-amd64/lib/libextnet.so
7ffb128f1000-7ffb128f2000 r--p 00000000 08:01 544912                     /usr/lib/jvm/java-11-openjdk-amd64/lib/libextnet.so
7ffb128f2000-7ffb128f3000 rw-p 00001000 08:01 544912                     /usr/lib/jvm/java-11-openjdk-amd64/lib/libextnet.so
7ffb128f3000-7ffb128f7000 ---p 00000000 00:00 0 
7ffb128f7000-7ffb12bf4000 rw-p 00000000 00:00 0 
7ffb12bf4000-7ffb12df4000 rw-p 00000000 00:00 0 
7ffb12df4000-7ffb12ff4000 rw-p 00000000 00:00 0 
7ffb12ff4000-7ffb1300b000 r-xp 00000000 08:01 544931                     /usr/lib/jvm/java-11-openjdk-amd64/lib/libnet.so
7ffb1300b000-7ffb1320a000 ---p 00017000 08:01 544931                     /usr/lib/jvm/java-11-openjdk-amd64/lib/libnet.so
7ffb1320a000-7ffb1320b000 r--p 00016000 08:01 544931                     /usr/lib/jvm/java-11-openjdk-amd64/lib/libnet.so
7ffb1320b000-7ffb1320c000 rw-p 00017000 08:01 544931                     /usr/lib/jvm/java-11-openjdk-amd64/lib/libnet.so
7ffb1320c000-7ffb1321d000 r-xp 00000000 08:01 544932                     /usr/lib/jvm/java-11-openjdk-amd64/lib/libnio.so
7ffb1321d000-7ffb1341c000 ---p 00011000 08:01 544932                     /usr/lib/jvm/java-11-openjdk-amd64/lib/libnio.so
7ffb1341c000-7ffb1341d000 r--p 00010000 08:01 544932                     /usr/lib/jvm/java-11-openjdk-amd64/lib/libnio.so
7ffb1341d000-7ffb1341e000 rw-p 00011000 08:01 544932                     /usr/lib/jvm/java-11-openjdk-amd64/lib/libnio.so
7ffb1341e000-7ffb13422000 ---p 00000000 00:00 0 
7ffb13422000-7ffb1351f000 rw-p 00000000 00:00 0 
7ffb1351f000-7ffb13520000 ---p 00000000 00:00 0 
7ffb13520000-7ffb13621000 rw-p 00000000 00:00 0 
7ffb13621000-7ffb13625000 ---p 00000000 00:00 0 
7ffb13625000-7ffb13722000 rw-p 00000000 00:00 0 
7ffb13722000-7ffb13726000 ---p 00000000 00:00 0 
7ffb13726000-7ffb13823000 rw-p 00000000 00:00 0 
7ffb13823000-7ffb13827000 ---p 00000000 00:00 0 
7ffb13827000-7ffb13924000 rw-p 00000000 00:00 0 
7ffb13924000-7ffb13928000 ---p 00000000 00:00 0 
7ffb13928000-7ffb13a25000 rw-p 00000000 00:00 0 
7ffb13a25000-7ffb13a29000 ---p 00000000 00:00 0 
7ffb13a29000-7ffb13b26000 rw-p 00000000 00:00 0 
7ffb13b26000-7ffb13d96000 rwxp 00000000 00:00 0 
7ffb13d96000-7ffb140b5000 ---p 00000000 00:00 0 
7ffb140b5000-7ffb14485000 rwxp 00000000 00:00 0 
7ffb14485000-7ffb1b5ed000 ---p 00000000 00:00 0 
7ffb1b5ed000-7ffb1b85d000 rwxp 00000000 00:00 0 
7ffb1b85d000-7ffb22b26000 ---p 00000000 00:00 0 
7ffb22b26000-7ffb2c000000 r--s 00000000 08:01 544941                     /usr/lib/jvm/java-11-openjdk-amd64/lib/modules
7ffb2c000000-7ffb2cb72000 rw-p 00000000 00:00 0 
7ffb2cb72000-7ffb30000000 ---p 00000000 00:00 0 
7ffb300cf000-7ffb30a9e000 r--p 00000000 08:01 7026                       /usr/lib/locale/locale-archive
7ffb30a9e000-7ffb30aa2000 ---p 00000000 00:00 0 
7ffb30aa2000-7ffb30b9f000 rw-p 00000000 00:00 0 
7ffb30b9f000-7ffb30ba3000 ---p 00000000 00:00 0 
7ffb30ba3000-7ffb30ca0000 rw-p 00000000 00:00 0 
7ffb30ca0000-7ffb30ca1000 ---p 00000000 00:00 0 
7ffb30ca1000-7ffb31618000 rw-p 00000000 00:00 0 
7ffb31618000-7ffb3162a000 rw-p 00000000 00:00 0 
7ffb3162a000-7ffb3176e000 ---p 00000000 00:00 0 
7ffb3176e000-7ffb31777000 rw-p 00000000 00:00 0 
7ffb31777000-7ffb31818000 ---p 00000000 00:00 0 
7ffb31818000-7ffb3182b000 rw-p 00000000 00:00 0 
7ffb3182b000-7ffb3196e000 ---p 00000000 00:00 0 
7ffb3196e000-7ffb31974000 rw-p 00000000 00:00 0 
7ffb31974000-7ffb31a5a000 ---p 00000000 00:00 0 
7ffb31a5a000-7ffb31a62000 rw-p 00000000 00:00 0 
7ffb31a62000-7ffb31b45000 ---p 00000000 00:00 0 
7ffb31b45000-7ffb31b4a000 r-xp 00000000 08:01 544923                     /usr/lib/jvm/java-11-openjdk-amd64/lib/libjimage.so
7ffb31b4a000-7ffb31d49000 ---p 00005000 08:01 544923                     /usr/lib/jvm/java-11-openjdk-amd64/lib/libjimage.so
7ffb31d49000-7ffb31d4a000 r--p 00004000 08:01 544923                     /usr/lib/jvm/java-11-openjdk-amd64/lib/libjimage.so
7ffb31d4a000-7ffb31d4b000 rw-p 00005000 08:01 544923                     /usr/lib/jvm/java-11-openjdk-amd64/lib/libjimage.so
7ffb31d4b000-7ffb31d52000 r-xp 00000000 08:01 544940                     /usr/lib/jvm/java-11-openjdk-amd64/lib/libzip.so
7ffb31d52000-7ffb31f51000 ---p 00007000 08:01 544940                     /usr/lib/jvm/java-11-openjdk-amd64/lib/libzip.so
7ffb31f51000-7ffb31f52000 r--p 00006000 08:01 544940                     /usr/lib/jvm/java-11-openjdk-amd64/lib/libzip.so
7ffb31f52000-7ffb31f53000 rw-p 00007000 08:01 544940                     /usr/lib/jvm/java-11-openjdk-amd64/lib/libzip.so
7ffb31f53000-7ffb31f5e000 r-xp 00000000 08:01 269223                     /lib/x86_64-linux-gnu/libnss_files-2.27.so
7ffb31f5e000-7ffb3215d000 ---p 0000b000 08:01 269223                     /lib/x86_64-linux-gnu/libnss_files-2.27.so
7ffb3215d000-7ffb3215e000 r--p 0000a000 08:01 269223                     /lib/x86_64-linux-gnu/libnss_files-2.27.so
7ffb3215e000-7ffb3215f000 rw-p 0000b000 08:01 269223                     /lib/x86_64-linux-gnu/libnss_files-2.27.so
7ffb3215f000-7ffb32165000 rw-p 00000000 00:00 0 
7ffb32165000-7ffb3217c000 r-xp 00000000 08:01 269217                     /lib/x86_64-linux-gnu/libnsl-2.27.so
7ffb3217c000-7ffb3237b000 ---p 00017000 08:01 269217                     /lib/x86_64-linux-gnu/libnsl-2.27.so
7ffb3237b000-7ffb3237c000 r--p 00016000 08:01 269217                     /lib/x86_64-linux-gnu/libnsl-2.27.so
7ffb3237c000-7ffb3237d000 rw-p 00017000 08:01 269217                     /lib/x86_64-linux-gnu/libnsl-2.27.so
7ffb3237d000-7ffb3237f000 rw-p 00000000 00:00 0 
7ffb3237f000-7ffb3238a000 r-xp 00000000 08:01 269234                     /lib/x86_64-linux-gnu/libnss_nis-2.27.so
7ffb3238a000-7ffb32589000 ---p 0000b000 08:01 269234                     /lib/x86_64-linux-gnu/libnss_nis-2.27.so
7ffb32589000-7ffb3258a000 r--p 0000a000 08:01 269234                     /lib/x86_64-linux-gnu/libnss_nis-2.27.so
7ffb3258a000-7ffb3258b000 rw-p 0000b000 08:01 269234                     /lib/x86_64-linux-gnu/libnss_nis-2.27.so
7ffb3258b000-7ffb32593000 r-xp 00000000 08:01 269219                     /lib/x86_64-linux-gnu/libnss_compat-2.27.so
7ffb32593000-7ffb32793000 ---p 00008000 08:01 269219                     /lib/x86_64-linux-gnu/libnss_compat-2.27.so
7ffb32793000-7ffb32794000 r--p 00008000 08:01 269219                     /lib/x86_64-linux-gnu/libnss_compat-2.27.so
7ffb32794000-7ffb32795000 rw-p 00009000 08:01 269219                     /lib/x86_64-linux-gnu/libnss_compat-2.27.so
7ffb32795000-7ffb327c1000 r-xp 00000000 08:01 544919                     /usr/lib/jvm/java-11-openjdk-amd64/lib/libjava.so
7ffb327c1000-7ffb329c0000 ---p 0002c000 08:01 544919                     /usr/lib/jvm/java-11-openjdk-amd64/lib/libjava.so
7ffb329c0000-7ffb329c1000 r--p 0002b000 08:01 544919                     /usr/lib/jvm/java-11-openjdk-amd64/lib/libjava.so
7ffb329c1000-7ffb329c3000 rw-p 0002c000 08:01 544919                     /usr/lib/jvm/java-11-openjdk-amd64/lib/libjava.so
7ffb329c3000-7ffb329d0000 r-xp 00000000 08:01 544939                     /usr/lib/jvm/java-11-openjdk-amd64/lib/libverify.so
7ffb329d0000-7ffb32bcf000 ---p 0000d000 08:01 544939                     /usr/lib/jvm/java-11-openjdk-amd64/lib/libverify.so
7ffb32bcf000-7ffb32bd1000 r--p 0000c000 08:01 544939                     /usr/lib/jvm/java-11-openjdk-amd64/lib/libverify.so
7ffb32bd1000-7ffb32bd2000 rw-p 0000e000 08:01 544939                     /usr/lib/jvm/java-11-openjdk-amd64/lib/libverify.so
7ffb32bd2000-7ffb32bd9000 r-xp 00000000 08:01 269274                     /lib/x86_64-linux-gnu/librt-2.27.so
7ffb32bd9000-7ffb32dd8000 ---p 00007000 08:01 269274                     /lib/x86_64-linux-gnu/librt-2.27.so
7ffb32dd8000-7ffb32dd9000 r--p 00006000 08:01 269274                     /lib/x86_64-linux-gnu/librt-2.27.so
7ffb32dd9000-7ffb32dda000 rw-p 00007000 08:01 269274                     /lib/x86_64-linux-gnu/librt-2.27.so
7ffb32dda000-7ffb32df1000 r-xp 00000000 08:01 269170                     /lib/x86_64-linux-gnu/libgcc_s.so.1
7ffb32df1000-7ffb32ff0000 ---p 00017000 08:01 269170                     /lib/x86_64-linux-gnu/libgcc_s.so.1
7ffb32ff0000-7ffb32ff1000 r--p 00016000 08:01 269170                     /lib/x86_64-linux-gnu/libgcc_s.so.1
7ffb32ff1000-7ffb32ff2000 rw-p 00017000 08:01 269170                     /lib/x86_64-linux-gnu/libgcc_s.so.1
7ffb32ff2000-7ffb3318f000 r-xp 00000000 08:01 269196                     /lib/x86_64-linux-gnu/libm-2.27.so
7ffb3318f000-7ffb3338e000 ---p 0019d000 08:01 269196                     /lib/x86_64-linux-gnu/libm-2.27.so
7ffb3338e000-7ffb3338f000 r--p 0019c000 08:01 269196                     /lib/x86_64-linux-gnu/libm-2.27.so
7ffb3338f000-7ffb33390000 rw-p 0019d000 08:01 269196                     /lib/x86_64-linux-gnu/libm-2.27.so
7ffb33390000-7ffb3350e000 r-xp 00000000 08:01 14019                      /usr/lib/x86_64-linux-gnu/libstdc++.so.6.0.25
7ffb3350e000-7ffb3370e000 ---p 0017e000 08:01 14019                      /usr/lib/x86_64-linux-gnu/libstdc++.so.6.0.25
7ffb3370e000-7ffb33718000 r--p 0017e000 08:01 14019                      /usr/lib/x86_64-linux-gnu/libstdc++.so.6.0.25
7ffb33718000-7ffb3371a000 rw-p 00188000 08:01 14019                      /usr/lib/x86_64-linux-gnu/libstdc++.so.6.0.25
7ffb3371a000-7ffb3371e000 rw-p 00000000 00:00 0 
7ffb3371e000-7ffb346bb000 r-xp 00000000 08:01 544944                     /usr/lib/jvm/java-11-openjdk-amd64/lib/server/libjvm.so
7ffb346bb000-7ffb348bb000 ---p 00f9d000 08:01 544944                     /usr/lib/jvm/java-11-openjdk-amd64/lib/server/libjvm.so
7ffb348bb000-7ffb3497f000 r--p 00f9d000 08:01 544944                     /usr/lib/jvm/java-11-openjdk-amd64/lib/server/libjvm.so
7ffb3497f000-7ffb349b7000 rw-p 01061000 08:01 544944                     /usr/lib/jvm/java-11-openjdk-amd64/lib/server/libjvm.so
7ffb349b7000-7ffb34a00000 rw-p 00000000 00:00 0 
7ffb34a00000-7ffb34a1a000 r-xp 00000000 08:01 269266                     /lib/x86_64-linux-gnu/libpthread-2.27.so
7ffb34a1a000-7ffb34c19000 ---p 0001a000 08:01 269266                     /lib/x86_64-linux-gnu/libpthread-2.27.so
7ffb34c19000-7ffb34c1a000 r--p 00019000 08:01 269266                     /lib/x86_64-linux-gnu/libpthread-2.27.so
7ffb34c1a000-7ffb34c1b000 rw-p 0001a000 08:01 269266                     /lib/x86_64-linux-gnu/libpthread-2.27.so
7ffb34c1b000-7ffb34c1f000 rw-p 00000000 00:00 0 
7ffb34c1f000-7ffb34c22000 r-xp 00000000 08:01 269156                     /lib/x86_64-linux-gnu/libdl-2.27.so
7ffb34c22000-7ffb34e21000 ---p 00003000 08:01 269156                     /lib/x86_64-linux-gnu/libdl-2.27.so
7ffb34e21000-7ffb34e22000 r--p 00002000 08:01 269156                     /lib/x86_64-linux-gnu/libdl-2.27.so
7ffb34e22000-7ffb34e23000 rw-p 00003000 08:01 269156                     /lib/x86_64-linux-gnu/libdl-2.27.so
7ffb34e23000-7ffb34e3f000 r-xp 00000000 08:01 269305                     /lib/x86_64-linux-gnu/libz.so.1.2.11
7ffb34e3f000-7ffb3503e000 ---p 0001c000 08:01 269305                     /lib/x86_64-linux-gnu/libz.so.1.2.11
7ffb3503e000-7ffb3503f000 r--p 0001b000 08:01 269305                     /lib/x86_64-linux-gnu/libz.so.1.2.11
7ffb3503f000-7ffb35040000 rw-p 0001c000 08:01 269305                     /lib/x86_64-linux-gnu/libz.so.1.2.11
7ffb35040000-7ffb35227000 r-xp 00000000 08:01 269133                     /lib/x86_64-linux-gnu/libc-2.27.so
7ffb35227000-7ffb35427000 ---p 001e7000 08:01 269133                     /lib/x86_64-linux-gnu/libc-2.27.so
7ffb35427000-7ffb3542b000 r--p 001e7000 08:01 269133                     /lib/x86_64-linux-gnu/libc-2.27.so
7ffb3542b000-7ffb3542d000 rw-p 001eb000 08:01 269133                     /lib/x86_64-linux-gnu/libc-2.27.so
7ffb3542d000-7ffb35431000 rw-p 00000000 00:00 0 
7ffb35431000-7ffb35440000 r-xp 00000000 08:01 544904                     /usr/lib/jvm/java-11-openjdk-amd64/lib/jli/libjli.so
7ffb35440000-7ffb3563f000 ---p 0000f000 08:01 544904                     /usr/lib/jvm/java-11-openjdk-amd64/lib/jli/libjli.so
7ffb3563f000-7ffb35640000 r--p 0000e000 08:01 544904                     /usr/lib/jvm/java-11-openjdk-amd64/lib/jli/libjli.so
7ffb35640000-7ffb35641000 rw-p 0000f000 08:01 544904                     /usr/lib/jvm/java-11-openjdk-amd64/lib/jli/libjli.so
7ffb35641000-7ffb35668000 r-xp 00000000 08:01 269105                     /lib/x86_64-linux-gnu/ld-2.27.so
7ffb3566f000-7ffb35673000 ---p 00000000 00:00 0 
7ffb35673000-7ffb3574a000 rw-p 00000000 00:00 0 
7ffb3574a000-7ffb35751000 ---p 00000000 00:00 0 
7ffb35751000-7ffb35755000 ---p 00000000 00:00 0 
7ffb35755000-7ffb35854000 rw-p 00000000 00:00 0 
7ffb3585c000-7ffb35864000 rw-s 00000000 08:01 13656                      /tmp/hsperfdata_user/1664
7ffb35864000-7ffb35865000 ---p 00000000 00:00 0 
7ffb35865000-7ffb35866000 r--p 00000000 00:00 0 
7ffb35866000-7ffb35868000 rw-p 00000000 00:00 0 
7ffb35868000-7ffb35869000 r--p 00027000 08:01 269105                     /lib/x86_64-linux-gnu/ld-2.27.so
7ffb35869000-7ffb3586a000 rw-p 00028000 08:01 269105                     /lib/x86_64-linux-gnu/ld-2.27.so
7ffb3586a000-7ffb3586b000 rw-p 00000000 00:00 0 
7ffdc51e8000-7ffdc5209000 rw-p 00000000 00:00 0                          [stack]
7ffdc527f000-7ffdc5282000 r--p 00000000 00:00 0                          [vvar]
7ffdc5282000-7ffdc5284000 r-xp 00000000 00:00 0                          [vdso]
ffffffffff600000-ffffffffff601000 r-xp 00000000 00:00 0                  [vsyscall]


VM Arguments:
jvm_args: -Xmx1g 
java_command: org.apache.spark.deploy.SparkSubmit --conf spark.app.name=basics pyspark-shell
java_class_path (initial): /home/user/spark-2.1.1-bin-hadoop2.7/conf/:/home/user/spark-2.1.1-bin-hadoop2.7/jars/hk2-utils-2.4.0-b34.jar:/home/user/spark-2.1.1-bin-hadoop2.7/jars/spark-core_2.11-2.1.1.jar:/home/user/spark-2.1.1-bin-hadoop2.7/jars/hadoop-yarn-client-2.7.3.jar:/home/user/spark-2.1.1-bin-hadoop2.7/jars/ST4-4.0.4.jar:/home/user/spark-2.1.1-bin-hadoop2.7/jars/log4j-1.2.17.jar:/home/user/spark-2.1.1-bin-hadoop2.7/jars/xmlenc-0.52.jar:/home/user/spark-2.1.1-bin-hadoop2.7/jars/metrics-jvm-3.1.2.jar:/home/user/spark-2.1.1-bin-hadoop2.7/jars/spark-tags_2.11-2.1.1.jar:/home/user/spark-2.1.1-bin-hadoop2.7/jars/commons-crypto-1.0.0.jar:/home/user/spark-2.1.1-bin-hadoop2.7/jars/hadoop-annotations-2.7.3.jar:/home/user/spark-2.1.1-bin-hadoop2.7/jars/commons-lang-2.6.jar:/home/user/spark-2.1.1-bin-hadoop2.7/jars/hk2-locator-2.4.0-b34.jar:/home/user/spark-2.1.1-bin-hadoop2.7/jars/guice-servlet-3.0.jar:/home/user/spark-2.1.1-bin-hadoop2.7/jars/spark-repl_2.11-2.1.1.jar:/home/user/spark-2.1.1-bin-hadoop2.7/jars/json4s-core_2.11-3.2.11.jar:/home/user/spark-2.1.1-bin-hadoop2.7/jars/jersey-media-jaxb-2.22.2.jar:/home/user/spark-2.1.1-bin-hadoop2.7/jars/jodd-core-3.5.2.jar:/home/user/spark-2.1.1-bin-hadoop2.7/jars/parquet-format-2.3.0-incubating.jar:/home/user/spark-2.1.1-bin-hadoop2.7/jars/scala-parser-combinators_2.11-1.0.4.jar:/home/user/spark-2.1.1-bin-hadoop2.7/jars/xbean-asm5-shaded-4.4.jar:/home/user/spark-2.1.1-bin-hadoop2.7/jars/calcite-avatica-1.2.0-incubating.jar:/home/user/spark-2.1.1-bin-hadoop2.7/jars/metrics-graphite-3.1.2.jar:/home/user/spark-2.1.1-bin-hadoop2.7/jars/spark-hive-thriftserver_2.11-2.1.1.jar:/home/user/spark-2.1.1-bin-hadoop2.7/jars/jline-2.12.1.jar:/home/user/spark-2.1.1-bin-hadoop2.7/jars/JavaEWAH-0.3.2.jar:/home/user/spark-2.1.1-bin-hadoop2.7/jars/commons-net-2.2.jar:/home/user/spark-2.1.1-bin-hadoop2.7/jars/jackson-module-scala_2.11-2.6.5.jar:/home/user/spark-2.1.1-bin-hadoop2.7/jars/commons-httpclient-3.1.jar:/home/user/spark-2.1.1-bin-h
Launcher Type: SUN_STANDARD

Logging:
Log output configuration:
#0: stdout all=warning uptime,level,tags
#1: stderr all=off uptime,level,tags

Environment Variables:
PATH=/home/user/.local/bin:/home/user/.local/bin:/usr/local/sbin:/usr/local/bin:/usr/sbin:/usr/bin:/sbin:/bin:/usr/games:/usr/local/games:/snap/bin
USERNAME=user
SHELL=/bin/bash
DISPLAY=:0

Signal Handlers:
SIGSEGV: [libjvm.so+0xd28ad0], sa_mask[0]=11111111011111111101111111111110, sa_flags=SA_RESTART|SA_SIGINFO
SIGBUS: [libjvm.so+0xd28ad0], sa_mask[0]=11111111011111111101111111111110, sa_flags=SA_RESTART|SA_SIGINFO
SIGFPE: [libjvm.so+0xd28ad0], sa_mask[0]=11111111011111111101111111111110, sa_flags=SA_RESTART|SA_SIGINFO
SIGPIPE: [libjvm.so+0xb2a150], sa_mask[0]=11111111011111111101111111111110, sa_flags=SA_RESTART|SA_SIGINFO
SIGXFSZ: [libjvm.so+0xb2a150], sa_mask[0]=11111111011111111101111111111110, sa_flags=SA_RESTART|SA_SIGINFO
SIGILL: [libjvm.so+0xd28ad0], sa_mask[0]=11111111011111111101111111111110, sa_flags=SA_RESTART|SA_SIGINFO
SIGUSR2: [libjvm.so+0xb29f90], sa_mask[0]=00000000000000000000000000000000, sa_flags=SA_RESTART|SA_SIGINFO
SIGHUP: [libjvm.so+0xb2a0e0], sa_mask[0]=11111111011111111101111111111110, sa_flags=SA_RESTART|SA_SIGINFO
SIGINT: SIG_IGN, sa_mask[0]=00000000000000000000000000000000, sa_flags=none
SIGTERM: [libjvm.so+0xb2a0e0], sa_mask[0]=11111111011111111101111111111110, sa_flags=SA_RESTART|SA_SIGINFO
SIGQUIT: [libjvm.so+0xb2a0e0], sa_mask[0]=11111111011111111101111111111110, sa_flags=SA_RESTART|SA_SIGINFO


---------------  S Y S T E M  ---------------

OS:DISTRIB_ID=Ubuntu
DISTRIB_RELEASE=18.04
DISTRIB_CODENAME=bionic
DISTRIB_DESCRIPTION="Ubuntu 18.04.1 LTS"
uname:Linux 4.15.0-36-generic #39-Ubuntu SMP Mon Sep 24 16:19:09 UTC 2018 x86_64
libc:glibc 2.27 NPTL 2.27 
rlimit: STACK 8192k, CORE 0k, NPROC 3705, NOFILE 4096, AS infinity, DATA infinity, FSIZE infinity
load average:2.14 1.00 0.42

/proc/meminfo:
MemTotal:        1009116 kB
MemFree:          236428 kB
MemAvailable:     180200 kB
Buffers:             464 kB
Cached:            39848 kB
SwapCached:          116 kB
Active:           370564 kB
Inactive:         287576 kB
Active(anon):     367992 kB
Inactive(anon):   279716 kB
Active(file):       2572 kB
Inactive(file):     7860 kB
Unevictable:          32 kB
Mlocked:              32 kB
SwapTotal:        483800 kB
SwapFree:              0 kB
Dirty:                68 kB
Writeback:             0 kB
AnonPages:        617756 kB
Mapped:            34772 kB
Shmem:             29880 kB
Slab:              49228 kB
SReclaimable:      19536 kB
SUnreclaim:        29692 kB
KernelStack:        8512 kB
PageTables:        34100 kB
NFS_Unstable:          0 kB
Bounce:                0 kB
WritebackTmp:          0 kB
CommitLimit:      988356 kB
Committed_AS:    4618484 kB
VmallocTotal:   34359738367 kB
VmallocUsed:           0 kB
VmallocChunk:          0 kB
HardwareCorrupted:     0 kB
AnonHugePages:         0 kB
ShmemHugePages:        0 kB
ShmemPmdMapped:        0 kB
CmaTotal:              0 kB
CmaFree:               0 kB
HugePages_Total:       0
HugePages_Free:        0
HugePages_Rsvd:        0
HugePages_Surp:        0
Hugepagesize:       2048 kB
DirectMap4k:       90048 kB
DirectMap2M:      958464 kB

container (cgroup) information:
container_type: cgroupv1
cpu_cpuset_cpus: 0
cpu_memory_nodes: 0
active_processor_count: 1
cpu_quota: -1
cpu_period: 100000
cpu_shares: -1
memory_limit_in_bytes: -1
memory_and_swap_limit_in_bytes: -2
memory_soft_limit_in_bytes: -1
memory_usage_in_bytes: 674570240
memory_max_usage_in_bytes: 0


CPU:total 1 (initial active 1) (1 cores per cpu, 1 threads per core) family 6 model 61 stepping 4, cmov, cx8, fxsr, mmx, sse, sse2, sse3, ssse3, sse4.1, sse4.2, popcnt, avx, avx2, aes, clmul, 3dnowpref, lzcnt, tsc, tscinvbit
CPU Model and flags from /proc/cpuinfo:
model name	: Intel(R) Core(TM) i5-5257U CPU @ 2.70GHz
flags		: fpu vme de pse tsc msr pae mce cx8 apic sep mtrr pge mca cmov pat pse36 clflush mmx fxsr sse sse2 syscall nx rdtscp lm constant_tsc rep_good nopl xtopology nonstop_tsc cpuid pni pclmulqdq monitor ssse3 cx16 pcid sse4_1 sse4_2 x2apic movbe popcnt aes xsave avx rdrand hypervisor lahf_lm abm 3dnowprefetch invpcid_single pti fsgsbase avx2 invpcid rdseed

Memory: 4k page, physical 1009116k(235684k free), swap 483800k(0k free)

vm_info: OpenJDK 64-Bit Server VM (10.0.2+13-Ubuntu-1ubuntu0.18.04.2) for linux-amd64 JRE (10.0.2+13-Ubuntu-1ubuntu0.18.04.2), built on Aug 24 2018 17:36:24 by "buildd" with gcc 7.3.0

END.
